Copyright 1986-2018 Xilinx, Inc. All Rights Reserved.
------------------------------------------------------------------------------------
| Tool Version : Vivado v.2018.3 (win64) Build 2405991 Thu Dec  6 23:38:27 MST 2018
| Date         : Sat Aug  1 21:29:56 2020
| Host         : DESKTOP-QAMB18T running 64-bit major release  (build 9200)
| Command      : report_control_sets -verbose -file aes_control_sets_placed.rpt
| Design       : aes
| Device       : xc7s15
------------------------------------------------------------------------------------

Control Set Information

Table of Contents
-----------------
1. Summary
2. Histogram
3. Flip-Flop Distribution
4. Detailed Control Set Information

1. Summary
----------

+----------------------------------------------------------+-------+
|                          Status                          | Count |
+----------------------------------------------------------+-------+
| Number of unique control sets                            |   210 |
| Unused register locations in slices containing registers |   970 |
+----------------------------------------------------------+-------+


2. Histogram
------------

+--------+--------------+
| Fanout | Control Sets |
+--------+--------------+
|      1 |            8 |
|      2 |            3 |
|      3 |            5 |
|      4 |            9 |
|      6 |            1 |
|      7 |            2 |
|      8 |           12 |
|      9 |            1 |
|     10 |           56 |
|     11 |           77 |
|     12 |            4 |
|     13 |            1 |
|     15 |            1 |
|    16+ |           30 |
+--------+--------------+


3. Flip-Flop Distribution
-------------------------

+--------------+-----------------------+------------------------+-----------------+--------------+
| Clock Enable | Synchronous Set/Reset | Asynchronous Set/Reset | Total Registers | Total Slices |
+--------------+-----------------------+------------------------+-----------------+--------------+
| No           | No                    | No                     |               0 |            0 |
| No           | No                    | Yes                    |             144 |           24 |
| No           | Yes                   | No                     |               0 |            0 |
| Yes          | No                    | No                     |             256 |           70 |
| Yes          | No                    | Yes                    |            2462 |          997 |
| Yes          | Yes                   | No                     |               0 |            0 |
+--------------+-----------------------+------------------------+-----------------+--------------+


4. Detailed Control Set Information
-----------------------------------

+----------------+--------------------------------------+--------------------------------------+------------------+----------------+
|  Clock Signal  |             Enable Signal            |           Set/Reset Signal           | Slice Load Count | Bel Load Count |
+----------------+--------------------------------------+--------------------------------------+------------------+----------------+
|  clk_IBUF_BUFG | config_we4_out                       | core/keymem/reset_n_1                |                1 |              1 |
|  clk_IBUF_BUFG | core/enc_block/block_w0_we           | core/enc_block/reset_n_1             |                1 |              1 |
|  clk_IBUF_BUFG | core/keymem/key_mem[12][127]_i_1_n_0 | core/keymem/reset_n                  |                1 |              1 |
|  clk_IBUF_BUFG | core/keymem/key_mem[13][127]_i_1_n_0 | core/keymem/reset_n                  |                1 |              1 |
|  clk_IBUF_BUFG | config_we4_out                       | core/enc_block/reset_n_0             |                1 |              1 |
|  clk_IBUF_BUFG | core/keymem/round_ctr_we             | core/keymem/reset_n_1                |                1 |              1 |
|  clk_IBUF_BUFG | core/enc_block/round_ctr_we          | core/enc_block/reset_n               |                1 |              1 |
|  clk_IBUF_BUFG | core/keymem/key_mem[14][127]_i_1_n_0 | core/keymem/reset_n                  |                1 |              1 |
|  clk_IBUF_BUFG |                                      | core/enc_block/reset_n_0             |                1 |              2 |
|  clk_IBUF_BUFG | config_we4_out                       | core/enc_block/reset_n_1             |                1 |              2 |
|  clk_IBUF_BUFG | core/keymem/round_ctr_we             | core/enc_block/reset_n_1             |                1 |              2 |
|  clk_IBUF_BUFG | core/keymem/key_mem[11][127]_i_1_n_0 | core/keymem/reset_n                  |                2 |              3 |
|  clk_IBUF_BUFG | core/keymem/key_mem[10][127]_i_1_n_0 | core/keymem/reset_n                  |                2 |              3 |
|  clk_IBUF_BUFG |                                      | core/keymem/reset_n_0                |                2 |              3 |
|  clk_IBUF_BUFG | core/keymem/key_mem[8][127]_i_1_n_0  | core/keymem/reset_n                  |                2 |              3 |
|  clk_IBUF_BUFG | core/keymem/key_mem[9][127]_i_1_n_0  | core/keymem/reset_n                  |                2 |              3 |
|  clk_IBUF_BUFG | core/keymem/round_ctr_we             | core/keymem/reset_n_0                |                1 |              4 |
|  clk_IBUF_BUFG | core/keymem/key_mem[2][127]_i_1_n_0  | core/keymem/reset_n                  |                3 |              4 |
|  clk_IBUF_BUFG | core/keymem/key_mem[1][127]_i_1_n_0  | core/keymem/reset_n                  |                4 |              4 |
|  clk_IBUF_BUFG | core/keymem/key_mem[4][127]_i_1_n_0  | core/keymem/reset_n                  |                3 |              4 |
|  clk_IBUF_BUFG | core/keymem/key_mem[7][127]_i_1_n_0  | core/keymem/reset_n                  |                3 |              4 |
|  clk_IBUF_BUFG | core/keymem/key_mem[6][127]_i_1_n_0  | core/keymem/reset_n                  |                3 |              4 |
|  clk_IBUF_BUFG | core/keymem/key_mem[3][127]_i_1_n_0  | core/keymem/reset_n                  |                3 |              4 |
|  clk_IBUF_BUFG | core/keymem/key_mem[5][127]_i_1_n_0  | core/keymem/reset_n                  |                3 |              4 |
|  clk_IBUF_BUFG | core/keymem/key_mem__0               | core/keymem/reset_n                  |                3 |              4 |
|  clk_IBUF_BUFG |                                      | core/enc_block/reset_n_1             |                1 |              6 |
|  clk_IBUF_BUFG | core/keymem/key_mem__0               | core/keymem/reset_n_0                |                6 |              7 |
|  clk_IBUF_BUFG | key_reg[5][31]_i_1_n_0               | core/enc_block/reset_n_1             |                3 |              7 |
|  clk_IBUF_BUFG | core/keymem/key_mem[11][127]_i_1_n_0 | core/keymem/reset_n_0                |                5 |              8 |
|  clk_IBUF_BUFG | core/keymem/key_mem[6][127]_i_1_n_0  | core/keymem/reset_n_0                |                5 |              8 |
|  clk_IBUF_BUFG | core/keymem/key_mem[5][127]_i_1_n_0  | core/keymem/reset_n_0                |                5 |              8 |
|  clk_IBUF_BUFG | core/keymem/key_mem[4][127]_i_1_n_0  | core/keymem/reset_n_0                |                5 |              8 |
|  clk_IBUF_BUFG | core/keymem/key_mem[9][127]_i_1_n_0  | core/keymem/reset_n_0                |                5 |              8 |
|  clk_IBUF_BUFG | core/keymem/key_mem[8][127]_i_1_n_0  | core/keymem/reset_n_0                |                5 |              8 |
|  clk_IBUF_BUFG | core/keymem/rcon_reg[7]_i_1_n_0      | core/keymem/reset_n_0                |                2 |              8 |
|  clk_IBUF_BUFG | core/keymem/key_mem[10][127]_i_1_n_0 | core/keymem/reset_n_0                |                5 |              8 |
|  clk_IBUF_BUFG | core/keymem/key_mem[3][127]_i_1_n_0  | core/keymem/reset_n_0                |                6 |              8 |
|  clk_IBUF_BUFG | core/keymem/key_mem[7][127]_i_1_n_0  | core/keymem/reset_n_0                |                5 |              8 |
|  clk_IBUF_BUFG | core/keymem/key_mem[1][127]_i_1_n_0  | core/keymem/reset_n_0                |                5 |              8 |
|  clk_IBUF_BUFG | core/keymem/key_mem[2][127]_i_1_n_0  | core/keymem/reset_n_0                |                6 |              8 |
|  clk_IBUF_BUFG | key_reg[5][31]_i_1_n_0               | ready_reg__0__0_i_1_n_0              |                3 |              9 |
|  clk_IBUF_BUFG | core/keymem/key_mem[1][127]_i_1_n_0  | core/keymem/key_mem[0][108]_i_2_n_0  |                6 |             10 |
|  clk_IBUF_BUFG | core/keymem/key_mem[4][127]_i_1_n_0  | core/keymem/key_mem[0][45]_i_2_n_0   |                7 |             10 |
|  clk_IBUF_BUFG | core/keymem/key_mem[8][127]_i_1_n_0  | core/keymem/key_mem[0][119]_i_2_n_0  |                5 |             10 |
|  clk_IBUF_BUFG | core/keymem/key_mem[7][127]_i_1_n_0  | core/keymem/key_mem[0][119]_i_2_n_0  |                5 |             10 |
|  clk_IBUF_BUFG | core/keymem/key_mem[6][127]_i_1_n_0  | core/keymem/key_mem[0][119]_i_2_n_0  |                5 |             10 |
|  clk_IBUF_BUFG | core/keymem/key_mem[8][127]_i_1_n_0  | core/keymem/key_mem[0][28]_i_2_n_0   |                3 |             10 |
|  clk_IBUF_BUFG | core/keymem/key_mem[7][127]_i_1_n_0  | core/keymem/key_mem[0][87]_i_2_n_0   |                5 |             10 |
|  clk_IBUF_BUFG | core/keymem/key_mem[4][127]_i_1_n_0  | core/keymem/key_mem[0][17]_i_2_n_0   |                5 |             10 |
|  clk_IBUF_BUFG | core/keymem/key_mem[8][127]_i_1_n_0  | core/keymem/key_mem[0][87]_i_2_n_0   |                6 |             10 |
|  clk_IBUF_BUFG | core/keymem/key_mem[6][127]_i_1_n_0  | core/keymem/key_mem[0][66]_i_2_n_0   |                3 |             10 |
|  clk_IBUF_BUFG | core/keymem/key_mem[3][127]_i_1_n_0  | core/keymem/key_mem[0][76]_i_2_n_0   |                6 |             10 |
|  clk_IBUF_BUFG | core/keymem/key_mem[7][127]_i_1_n_0  | core/keymem/key_mem[0][66]_i_2_n_0   |                3 |             10 |
|  clk_IBUF_BUFG | core/keymem/key_mem[6][127]_i_1_n_0  | core/keymem/key_mem[0][45]_i_2_n_0   |                5 |             10 |
|  clk_IBUF_BUFG | core/keymem/key_mem[10][127]_i_1_n_0 | core/keymem/key_mem[0][87]_i_2_n_0   |                6 |             10 |
|  clk_IBUF_BUFG | core/keymem/key_mem[2][127]_i_1_n_0  | core/keymem/key_mem[0][55]_i_2_n_0   |                5 |             10 |
|  clk_IBUF_BUFG | core/keymem/key_mem[2][127]_i_1_n_0  | core/keymem/key_mem[0][17]_i_2_n_0   |                5 |             10 |
|  clk_IBUF_BUFG | core/keymem/key_mem[10][127]_i_1_n_0 | core/keymem/key_mem[0][108]_i_2_n_0  |                6 |             10 |
|  clk_IBUF_BUFG | core/keymem/key_mem[10][127]_i_1_n_0 | core/keymem/key_mem[0][28]_i_2_n_0   |                3 |             10 |
|  clk_IBUF_BUFG | core/keymem/key_mem[10][127]_i_1_n_0 | core/keymem/key_mem[0][55]_i_2_n_0   |                6 |             10 |
|  clk_IBUF_BUFG | core/keymem/key_mem[6][127]_i_1_n_0  | core/keymem/key_mem[0][98]_i_2_n_0   |                4 |             10 |
|  clk_IBUF_BUFG | core/keymem/key_mem[1][127]_i_1_n_0  | core/keymem/key_mem[0][76]_i_2_n_0   |                6 |             10 |
|  clk_IBUF_BUFG | core/keymem/key_mem[7][127]_i_1_n_0  | core/keymem/key_mem[0][28]_i_2_n_0   |                3 |             10 |
|  clk_IBUF_BUFG | core/keymem/key_mem[3][127]_i_1_n_0  | core/keymem/key_mem[0][127]_i_3_n_0  |                3 |             10 |
|  clk_IBUF_BUFG | core/keymem/key_mem[3][127]_i_1_n_0  | core/keymem/key_mem[0][98]_i_2_n_0   |                3 |             10 |
|  clk_IBUF_BUFG | core/keymem/key_mem[3][127]_i_1_n_0  | core/keymem/key_mem[0][17]_i_2_n_0   |                5 |             10 |
|  clk_IBUF_BUFG | core/keymem/key_mem[3][127]_i_1_n_0  | core/keymem/key_mem[0][45]_i_2_n_0   |                4 |             10 |
|  clk_IBUF_BUFG | core/keymem/key_mem[2][127]_i_1_n_0  | core/keymem/key_mem[0][98]_i_2_n_0   |                3 |             10 |
|  clk_IBUF_BUFG | core/keymem/key_mem[2][127]_i_1_n_0  | core/keymem/key_mem[0][127]_i_3_n_0  |                3 |             10 |
|  clk_IBUF_BUFG | core/keymem/key_mem[5][127]_i_1_n_0  | core/keymem/key_mem[0][119]_i_2_n_0  |                5 |             10 |
|  clk_IBUF_BUFG | core/keymem/key_mem[5][127]_i_1_n_0  | core/keymem/key_mem[0][98]_i_2_n_0   |                4 |             10 |
|  clk_IBUF_BUFG | core/keymem/key_mem[5][127]_i_1_n_0  | core/keymem/key_mem[0][17]_i_2_n_0   |                6 |             10 |
|  clk_IBUF_BUFG | core/keymem/key_mem[2][127]_i_1_n_0  | core/keymem/key_mem[0][76]_i_2_n_0   |                5 |             10 |
|  clk_IBUF_BUFG | core/keymem/key_mem[5][127]_i_1_n_0  | core/keymem/key_mem[0][45]_i_2_n_0   |                5 |             10 |
|  clk_IBUF_BUFG | core/keymem/key_mem[1][127]_i_1_n_0  | core/keymem/key_mem[0][127]_i_3_n_0  |                3 |             10 |
|  clk_IBUF_BUFG | core/keymem/key_mem[7][127]_i_1_n_0  | core/keymem/key_mem[0][45]_i_2_n_0   |                5 |             10 |
|  clk_IBUF_BUFG | core/keymem/key_mem[9][127]_i_1_n_0  | core/keymem/key_mem[0][87]_i_2_n_0   |                6 |             10 |
|  clk_IBUF_BUFG | core/keymem/key_mem[9][127]_i_1_n_0  | core/keymem/key_mem[0][66]_i_2_n_0   |                4 |             10 |
|  clk_IBUF_BUFG | core/keymem/key_mem[9][127]_i_1_n_0  | core/keymem/key_mem[0][28]_i_2_n_0   |                4 |             10 |
|  clk_IBUF_BUFG | core/keymem/key_mem[9][127]_i_1_n_0  | core/keymem/key_mem[0][108]_i_2_n_0  |                5 |             10 |
|  clk_IBUF_BUFG | core/keymem/key_mem[11][127]_i_1_n_0 | core/keymem/key_mem[0][127]_i_3_n_0  |                4 |             10 |
|  clk_IBUF_BUFG | core/keymem/key_mem[11][127]_i_1_n_0 | core/keymem/key_mem[0][87]_i_2_n_0   |                6 |             10 |
|  clk_IBUF_BUFG | core/keymem/key_mem__0               | core/keymem/key_mem[0][76]_i_2_n_0   |                6 |             10 |
|  clk_IBUF_BUFG | core/keymem/key_mem__0               | core/keymem/key_mem[0][127]_i_3_n_0  |                3 |             10 |
|  clk_IBUF_BUFG | core/keymem/key_mem[5][127]_i_1_n_0  | core/keymem/key_mem[0][66]_i_2_n_0   |                4 |             10 |
|  clk_IBUF_BUFG | core/keymem/key_mem__0               | core/keymem/key_mem[0][108]_i_2_n_0  |                7 |             10 |
|  clk_IBUF_BUFG | core/keymem/key_mem[8][127]_i_1_n_0  | core/keymem/key_mem[0][66]_i_2_n_0   |                4 |             10 |
|  clk_IBUF_BUFG | core/keymem/key_mem[1][127]_i_1_n_0  | core/keymem/key_mem[0][17]_i_2_n_0   |                6 |             10 |
|  clk_IBUF_BUFG | core/enc_block/round_ctr_we          | core/enc_block/reset_n_1             |                2 |             10 |
|  clk_IBUF_BUFG | core/keymem/key_mem[11][127]_i_1_n_0 | core/keymem/key_mem[0][55]_i_2_n_0   |                6 |             10 |
|  clk_IBUF_BUFG | core/keymem/key_mem[6][127]_i_1_n_0  | core/keymem/key_mem[0][28]_i_2_n_0   |                4 |             10 |
|  clk_IBUF_BUFG | core/keymem/key_mem[1][127]_i_1_n_0  | core/keymem/key_mem[0][55]_i_2_n_0   |                5 |             10 |
|  clk_IBUF_BUFG | core/keymem/key_mem[11][127]_i_1_n_0 | core/keymem/key_mem[0][108]_i_2_n_0  |                6 |             10 |
|  clk_IBUF_BUFG | core/keymem/key_mem[4][127]_i_1_n_0  | core/keymem/key_mem[0][76]_i_2_n_0   |                6 |             10 |
|  clk_IBUF_BUFG | core/keymem/key_mem[4][127]_i_1_n_0  | core/keymem/key_mem[0][119]_i_2_n_0  |                5 |             10 |
|  clk_IBUF_BUFG | core/keymem/key_mem[4][127]_i_1_n_0  | core/keymem/key_mem[0][98]_i_2_n_0   |                4 |             10 |
|  clk_IBUF_BUFG | core/keymem/key_mem__0               | core/keymem/key_mem[0][55]_i_2_n_0   |                5 |             10 |
|  clk_IBUF_BUFG | core/keymem/key_mem[8][127]_i_1_n_0  | core/keymem/key_mem[0][17]_i_2_n_0   |                7 |             11 |
|  clk_IBUF_BUFG | core/keymem/key_mem[8][127]_i_1_n_0  | core/keymem/key_mem[0][55]_i_2_n_0   |                6 |             11 |
|  clk_IBUF_BUFG | core/keymem/key_mem[8][127]_i_1_n_0  | core/keymem/key_mem[0][45]_i_2_n_0   |                4 |             11 |
|  clk_IBUF_BUFG | core/keymem/key_mem[8][127]_i_1_n_0  | core/keymem/key_mem[0][108]_i_2_n_0  |                5 |             11 |
|  clk_IBUF_BUFG | core/keymem/key_mem[10][127]_i_1_n_0 | core/keymem/key_mem[0][76]_i_2_n_0   |                5 |             11 |
|  clk_IBUF_BUFG | core/keymem/key_mem[10][127]_i_1_n_0 | core/keymem/key_mem[0][119]_i_2_n_0  |                6 |             11 |
|  clk_IBUF_BUFG | core/keymem/key_mem[10][127]_i_1_n_0 | core/keymem/key_mem[0][127]_i_3_n_0  |                4 |             11 |
|  clk_IBUF_BUFG | core/keymem/key_mem[10][127]_i_1_n_0 | core/keymem/key_mem[0][98]_i_2_n_0   |                7 |             11 |
|  clk_IBUF_BUFG | core/keymem/key_mem[10][127]_i_1_n_0 | core/keymem/key_mem[0][17]_i_2_n_0   |                5 |             11 |
|  clk_IBUF_BUFG | core/keymem/key_mem[10][127]_i_1_n_0 | core/keymem/key_mem[0][66]_i_2_n_0   |                6 |             11 |
|  clk_IBUF_BUFG | core/keymem/key_mem[10][127]_i_1_n_0 | core/keymem/key_mem[0][45]_i_2_n_0   |                4 |             11 |
|  clk_IBUF_BUFG | core/keymem/key_mem[2][127]_i_1_n_0  | core/keymem/key_mem[0][119]_i_2_n_0  |                6 |             11 |
|  clk_IBUF_BUFG | core/keymem/key_mem[2][127]_i_1_n_0  | core/keymem/key_mem[0][87]_i_2_n_0   |                4 |             11 |
|  clk_IBUF_BUFG | core/keymem/key_mem[2][127]_i_1_n_0  | core/keymem/key_mem[0][66]_i_2_n_0   |                4 |             11 |
|  clk_IBUF_BUFG | core/keymem/key_mem[2][127]_i_1_n_0  | core/keymem/key_mem[0][28]_i_2_n_0   |                3 |             11 |
|  clk_IBUF_BUFG | core/keymem/key_mem[2][127]_i_1_n_0  | core/keymem/key_mem[0][45]_i_2_n_0   |                5 |             11 |
|  clk_IBUF_BUFG | core/keymem/key_mem[2][127]_i_1_n_0  | core/keymem/key_mem[0][108]_i_2_n_0  |                5 |             11 |
|  clk_IBUF_BUFG | core/keymem/key_mem[3][127]_i_1_n_0  | core/keymem/key_mem[0][119]_i_2_n_0  |                6 |             11 |
|  clk_IBUF_BUFG | core/keymem/key_mem[11][127]_i_1_n_0 | core/keymem/key_mem[0][76]_i_2_n_0   |                5 |             11 |
|  clk_IBUF_BUFG | core/keymem/key_mem[3][127]_i_1_n_0  | core/keymem/key_mem[0][87]_i_2_n_0   |                4 |             11 |
|  clk_IBUF_BUFG | core/keymem/key_mem[11][127]_i_1_n_0 | core/keymem/key_mem[0][119]_i_2_n_0  |                5 |             11 |
|  clk_IBUF_BUFG | core/keymem/key_mem[11][127]_i_1_n_0 | core/keymem/key_mem[0][98]_i_2_n_0   |                5 |             11 |
|  clk_IBUF_BUFG | core/keymem/key_mem[3][127]_i_1_n_0  | core/keymem/key_mem[0][66]_i_2_n_0   |                5 |             11 |
|  clk_IBUF_BUFG | core/keymem/key_mem[3][127]_i_1_n_0  | core/keymem/key_mem[0][55]_i_2_n_0   |                7 |             11 |
|  clk_IBUF_BUFG | core/keymem/key_mem[3][127]_i_1_n_0  | core/keymem/key_mem[0][28]_i_2_n_0   |                3 |             11 |
|  clk_IBUF_BUFG | core/keymem/key_mem[11][127]_i_1_n_0 | core/keymem/key_mem[0][17]_i_2_n_0   |                5 |             11 |
|  clk_IBUF_BUFG | core/keymem/key_mem[3][127]_i_1_n_0  | core/keymem/key_mem[0][108]_i_2_n_0  |                5 |             11 |
|  clk_IBUF_BUFG | core/keymem/key_mem[11][127]_i_1_n_0 | core/keymem/key_mem[0][66]_i_2_n_0   |                5 |             11 |
|  clk_IBUF_BUFG | core/keymem/key_mem[11][127]_i_1_n_0 | core/keymem/key_mem[0][45]_i_2_n_0   |                4 |             11 |
|  clk_IBUF_BUFG | core/keymem/key_mem[5][127]_i_1_n_0  | core/keymem/key_mem[0][76]_i_2_n_0   |                7 |             11 |
|  clk_IBUF_BUFG | core/keymem/key_mem[4][127]_i_1_n_0  | core/keymem/key_mem[0][127]_i_3_n_0  |                3 |             11 |
|  clk_IBUF_BUFG | core/keymem/key_mem[5][127]_i_1_n_0  | core/keymem/key_mem[0][127]_i_3_n_0  |                3 |             11 |
|  clk_IBUF_BUFG | core/keymem/key_mem[5][127]_i_1_n_0  | core/keymem/key_mem[0][87]_i_2_n_0   |                5 |             11 |
|  clk_IBUF_BUFG | core/keymem/key_mem[4][127]_i_1_n_0  | core/keymem/key_mem[0][87]_i_2_n_0   |                5 |             11 |
|  clk_IBUF_BUFG | core/keymem/key_mem[4][127]_i_1_n_0  | core/keymem/key_mem[0][66]_i_2_n_0   |                4 |             11 |
|  clk_IBUF_BUFG | core/keymem/key_mem[4][127]_i_1_n_0  | core/keymem/key_mem[0][55]_i_2_n_0   |                6 |             11 |
|  clk_IBUF_BUFG | core/keymem/key_mem[5][127]_i_1_n_0  | core/keymem/key_mem[0][55]_i_2_n_0   |                6 |             11 |
|  clk_IBUF_BUFG | core/keymem/key_mem[5][127]_i_1_n_0  | core/keymem/key_mem[0][28]_i_2_n_0   |                3 |             11 |
|  clk_IBUF_BUFG | core/keymem/key_mem[4][127]_i_1_n_0  | core/keymem/key_mem[0][28]_i_2_n_0   |                3 |             11 |
|  clk_IBUF_BUFG | core/keymem/key_mem[5][127]_i_1_n_0  | core/keymem/key_mem[0][108]_i_2_n_0  |                5 |             11 |
|  clk_IBUF_BUFG | core/keymem/key_mem[4][127]_i_1_n_0  | core/keymem/key_mem[0][108]_i_2_n_0  |                5 |             11 |
|  clk_IBUF_BUFG | core/keymem/key_mem[6][127]_i_1_n_0  | core/keymem/key_mem[0][76]_i_2_n_0   |                7 |             11 |
|  clk_IBUF_BUFG | core/keymem/key_mem[9][127]_i_1_n_0  | core/keymem/key_mem[0][76]_i_2_n_0   |                6 |             11 |
|  clk_IBUF_BUFG | core/keymem/key_mem[9][127]_i_1_n_0  | core/keymem/key_mem[0][119]_i_2_n_0  |                5 |             11 |
|  clk_IBUF_BUFG | core/keymem/key_mem[9][127]_i_1_n_0  | core/keymem/key_mem[0][127]_i_3_n_0  |                5 |             11 |
|  clk_IBUF_BUFG | core/keymem/key_mem[6][127]_i_1_n_0  | core/keymem/key_mem[0][127]_i_3_n_0  |                3 |             11 |
|  clk_IBUF_BUFG | core/keymem/key_mem[9][127]_i_1_n_0  | core/keymem/key_mem[0][98]_i_2_n_0   |                5 |             11 |
|  clk_IBUF_BUFG | core/keymem/key_mem[9][127]_i_1_n_0  | core/keymem/key_mem[0][17]_i_2_n_0   |                5 |             11 |
|  clk_IBUF_BUFG | core/keymem/key_mem[6][127]_i_1_n_0  | core/keymem/key_mem[0][87]_i_2_n_0   |                5 |             11 |
|  clk_IBUF_BUFG | core/keymem/key_mem[9][127]_i_1_n_0  | core/keymem/key_mem[0][55]_i_2_n_0   |                6 |             11 |
|  clk_IBUF_BUFG | core/keymem/key_mem[6][127]_i_1_n_0  | core/keymem/key_mem[0][17]_i_2_n_0   |                6 |             11 |
|  clk_IBUF_BUFG | core/keymem/key_mem[9][127]_i_1_n_0  | core/keymem/key_mem[0][45]_i_2_n_0   |                4 |             11 |
|  clk_IBUF_BUFG | core/keymem/key_mem[6][127]_i_1_n_0  | core/keymem/key_mem[0][55]_i_2_n_0   |                6 |             11 |
|  clk_IBUF_BUFG | core/keymem/key_mem[11][127]_i_1_n_0 | core/keymem/key_mem[0][28]_i_2_n_0   |                3 |             11 |
|  clk_IBUF_BUFG | core/keymem/key_mem[6][127]_i_1_n_0  | core/keymem/key_mem[0][108]_i_2_n_0  |                5 |             11 |
|  clk_IBUF_BUFG | core/keymem/key_mem[1][127]_i_1_n_0  | core/keymem/key_mem[0][119]_i_2_n_0  |                6 |             11 |
|  clk_IBUF_BUFG | core/keymem/key_mem__0               | core/keymem/key_mem[0][119]_i_2_n_0  |                6 |             11 |
|  clk_IBUF_BUFG | core/keymem/key_mem[1][127]_i_1_n_0  | core/keymem/key_mem[0][87]_i_2_n_0   |                4 |             11 |
|  clk_IBUF_BUFG | core/keymem/key_mem__0               | core/keymem/key_mem[0][87]_i_2_n_0   |                4 |             11 |
|  clk_IBUF_BUFG | core/keymem/key_mem__0               | core/keymem/key_mem[0][98]_i_2_n_0   |                4 |             11 |
|  clk_IBUF_BUFG | core/keymem/key_mem__0               | core/keymem/key_mem[0][17]_i_2_n_0   |                6 |             11 |
|  clk_IBUF_BUFG | core/keymem/key_mem__0               | core/keymem/key_mem[0][66]_i_2_n_0   |                4 |             11 |
|  clk_IBUF_BUFG | core/keymem/key_mem[1][127]_i_1_n_0  | core/keymem/key_mem[0][98]_i_2_n_0   |                4 |             11 |
|  clk_IBUF_BUFG | core/keymem/key_mem__0               | core/keymem/key_mem[0][28]_i_2_n_0   |                4 |             11 |
|  clk_IBUF_BUFG | core/keymem/key_mem__0               | core/keymem/key_mem[0][45]_i_2_n_0   |                4 |             11 |
|  clk_IBUF_BUFG | core/keymem/key_mem[1][127]_i_1_n_0  | core/keymem/key_mem[0][66]_i_2_n_0   |                5 |             11 |
|  clk_IBUF_BUFG | core/keymem/key_mem[1][127]_i_1_n_0  | core/keymem/key_mem[0][28]_i_2_n_0   |                3 |             11 |
|  clk_IBUF_BUFG | core/keymem/key_mem[1][127]_i_1_n_0  | core/keymem/key_mem[0][45]_i_2_n_0   |                5 |             11 |
|  clk_IBUF_BUFG | core/keymem/key_mem[7][127]_i_1_n_0  | core/keymem/key_mem[0][76]_i_2_n_0   |                7 |             11 |
|  clk_IBUF_BUFG | core/keymem/key_mem[7][127]_i_1_n_0  | core/keymem/key_mem[0][127]_i_3_n_0  |                3 |             11 |
|  clk_IBUF_BUFG | core/keymem/key_mem[7][127]_i_1_n_0  | core/keymem/key_mem[0][98]_i_2_n_0   |                4 |             11 |
|  clk_IBUF_BUFG | core/keymem/key_mem[7][127]_i_1_n_0  | core/keymem/key_mem[0][17]_i_2_n_0   |                6 |             11 |
|  clk_IBUF_BUFG | core/keymem/key_mem[7][127]_i_1_n_0  | core/keymem/key_mem[0][55]_i_2_n_0   |                6 |             11 |
|  clk_IBUF_BUFG | core/keymem/key_mem[7][127]_i_1_n_0  | core/keymem/key_mem[0][108]_i_2_n_0  |                4 |             11 |
|  clk_IBUF_BUFG | core/keymem/key_mem[8][127]_i_1_n_0  | core/keymem/key_mem[0][76]_i_2_n_0   |                5 |             11 |
|  clk_IBUF_BUFG | core/keymem/key_mem[8][127]_i_1_n_0  | core/keymem/key_mem[0][127]_i_3_n_0  |                4 |             11 |
|  clk_IBUF_BUFG | core/keymem/key_mem[8][127]_i_1_n_0  | core/keymem/key_mem[0][98]_i_2_n_0   |                6 |             11 |
|  clk_IBUF_BUFG | block_reg[2][31]_i_1_n_0             | core/keymem/reset_n_1                |                6 |             12 |
|  clk_IBUF_BUFG | block_reg[3][31]_i_1_n_0             | core/keymem/reset_n_1                |                5 |             12 |
|  clk_IBUF_BUFG | block_reg                            | core/keymem/reset_n_1                |                3 |             12 |
|  clk_IBUF_BUFG | block_reg[1][31]_i_1_n_0             | core/keymem/reset_n_1                |                4 |             12 |
|  clk_IBUF_BUFG | core/enc_block/block_w1_we           | core/enc_block/reset_n_0             |                7 |             13 |
|  clk_IBUF_BUFG | key_reg                              | core/enc_block/reset_n_0             |                4 |             15 |
|  clk_IBUF_BUFG | core/enc_block/block_w2_we           | core/enc_block/reset_n               |                7 |             16 |
|  clk_IBUF_BUFG | core/enc_block/block_w2_we           | core/enc_block/reset_n_1             |                8 |             16 |
|  clk_IBUF_BUFG | key_reg[5][31]_i_1_n_0               | core/keymem/reset_n_1                |                3 |             16 |
|  clk_IBUF_BUFG | key_reg                              | core/keymem/reset_n_0                |                5 |             17 |
|  clk_IBUF_BUFG | core/enc_block/block_w1_we           | core/enc_block/reset_n_1             |                7 |             19 |
|  clk_IBUF_BUFG | block_reg[3][31]_i_1_n_0             | core/keymem/reset_n                  |                5 |             20 |
|  clk_IBUF_BUFG | block_reg                            | core/keymem/reset_n                  |                6 |             20 |
|  clk_IBUF_BUFG | block_reg[2][31]_i_1_n_0             | core/keymem/reset_n                  |                4 |             20 |
|  clk_IBUF_BUFG | block_reg[1][31]_i_1_n_0             | core/keymem/reset_n                  |                7 |             20 |
|  clk_IBUF_BUFG | core/enc_block/block_w0_we           | core/enc_block/reset_n               |               13 |             31 |
|  clk_IBUF_BUFG | core/enc_block/block_w3_we           | core/enc_block/reset_n_0             |               12 |             32 |
|  clk_IBUF_BUFG | key_reg[4][31]_i_1_n_0               | core/enc_block/reset_n_0             |                8 |             32 |
|  clk_IBUF_BUFG | key_reg[6][31]_i_1_n_0               | ready_reg__0__0_i_1_n_0              |                7 |             32 |
|  clk_IBUF_BUFG | key_reg[1][31]_i_1_n_0               | core/enc_block/reset_n_1             |                7 |             32 |
|  clk_IBUF_BUFG | key_reg[2][31]_i_1_n_0               | core/enc_block/reset_n_0             |                6 |             32 |
|  clk_IBUF_BUFG | key_reg[3][31]_i_1_n_0               | core/enc_block/reset_n_1             |                6 |             32 |
|  clk_IBUF_BUFG | key_reg[7][31]_i_1_n_0               | ready_reg__0__0_i_1_n_0              |                7 |             32 |
|  clk_IBUF_BUFG | core/keymem/key_mem[12][127]_i_1_n_0 | core/keymem/key_mem[12][127]_i_2_n_0 |                9 |             42 |
|  clk_IBUF_BUFG | core/keymem/key_mem[14][127]_i_1_n_0 | core/keymem/key_mem[12][115]_i_1_n_0 |               10 |             42 |
|  clk_IBUF_BUFG | core/keymem/key_mem[14][127]_i_1_n_0 | core/keymem/key_mem[12][73]_i_1_n_0  |               10 |             42 |
|  clk_IBUF_BUFG | core/keymem/key_mem[12][127]_i_1_n_0 | core/keymem/key_mem[12][115]_i_1_n_0 |               11 |             42 |
|  clk_IBUF_BUFG | core/keymem/key_mem[13][127]_i_1_n_0 | core/keymem/key_mem[12][73]_i_1_n_0  |               11 |             42 |
|  clk_IBUF_BUFG | core/keymem/key_mem[13][127]_i_1_n_0 | core/keymem/key_mem[12][127]_i_2_n_0 |               10 |             42 |
|  clk_IBUF_BUFG | core/keymem/key_mem[14][127]_i_1_n_0 | core/keymem/key_mem[12][127]_i_2_n_0 |                9 |             43 |
|  clk_IBUF_BUFG | core/keymem/key_mem[13][127]_i_1_n_0 | core/keymem/key_mem[12][115]_i_1_n_0 |               13 |             43 |
|  clk_IBUF_BUFG | core/keymem/key_mem[12][127]_i_1_n_0 | core/keymem/key_mem[12][73]_i_1_n_0  |               13 |             43 |
|  clk_IBUF_BUFG |                                      | ready_reg__0__0_i_1_n_0              |                8 |             54 |
|  clk_IBUF_BUFG |                                      | core/enc_block/reset_n               |               12 |             79 |
|  clk_IBUF_BUFG | core/keymem/prev_key0_reg            |                                      |               35 |            128 |
|  clk_IBUF_BUFG | core/keymem/prev_key1_reg            |                                      |               35 |            128 |
+----------------+--------------------------------------+--------------------------------------+------------------+----------------+


